# JRE version: Java(TM) SE Runtime Environment (8.0_321-b07) (build 1.8.0_321-b07)
# Java VM: Java HotSpot(TM) 64-Bit Server VM (25.321-b07 mixed mode bsd-amd64 compressed oops)
Heap:
 PSYoungGen      total 82944K, used 68424K [0x00000007b5580000, 0x00000007bff00000, 0x00000007c0000000)
  eden space 58880K, 75% used [0x00000007b5580000,0x00000007b8129fd8,0x00000007b8f00000)
  from space 24064K, 98% used [0x00000007b8f00000,0x00000007ba628070,0x00000007ba680000)
  to   space 57344K, 0% used [0x00000007bc700000,0x00000007bc700000,0x00000007bff00000)
 ParOldGen       total 349696K, used 221906K [0x00000007a0000000, 0x00000007b5580000, 0x00000007b5580000)
  object space 349696K, 63% used [0x00000007a0000000,0x00000007ad8b49b0,0x00000007b5580000)
 Metaspace       used 11917K, capacity 12096K, committed 12288K, reserved 1060864K
  class space    used 1396K, capacity 1442K, committed 1536K, reserved 1048576K
GC Heap History (10 events):
Event: 8707.667 GC heap before
{Heap before GC invocations=46 (full 6):
 PSYoungGen      total 115712K, used 59716K [0x00000007b5580000, 0x00000007c0000000, 0x00000007c0000000)
  eden space 58880K, 100% used [0x00000007b5580000,0x00000007b8f00000,0x00000007b8f00000)
  from space 56832K, 1% used [0x00000007b8f00000,0x00000007b8fd1288,0x00000007bc680000)
  to   space 56832K, 0% used [0x00000007bc880000,0x00000007bc880000,0x00000007c0000000)
 ParOldGen       total 349696K, used 266208K [0x00000007a0000000, 0x00000007b5580000, 0x00000007b5580000)
  object space 349696K, 76% used [0x00000007a0000000,0x00000007b03f8138,0x00000007b5580000)
 Metaspace       used 11909K, capacity 12096K, committed 12288K, reserved 1060864K
  class space    used 1396K, capacity 1442K, committed 1536K, reserved 1048576K
Event: 8707.671 GC heap after
Heap after GC invocations=46 (full 6):
 PSYoungGen      total 112640K, used 11079K [0x00000007b5580000, 0x00000007bfb00000, 0x00000007c0000000)
  eden space 60928K, 0% used [0x00000007b5580000,0x00000007b5580000,0x00000007b9100000)
  from space 51712K, 21% used [0x00000007bc880000,0x00000007bd351c98,0x00000007bfb00000)
  to   space 54272K, 0% used [0x00000007b9100000,0x00000007b9100000,0x00000007bc600000)
 ParOldGen       total 349696K, used 266856K [0x00000007a0000000, 0x00000007b5580000, 0x00000007b5580000)
  object space 349696K, 76% used [0x00000007a0000000,0x00000007b049a138,0x00000007b5580000)
 Metaspace       used 11909K, capacity 12096K, committed 12288K, reserved 1060864K
  class space    used 1396K, capacity 1442K, committed 1536K, reserved 1048576K
}
Event: 8707.736 GC heap before
{Heap before GC invocations=47 (full 6):
 PSYoungGen      total 112640K, used 72007K [0x00000007b5580000, 0x00000007bfb00000, 0x00000007c0000000)
  eden space 60928K, 100% used [0x00000007b5580000,0x00000007b9100000,0x00000007b9100000)
  from space 51712K, 21% used [0x00000007bc880000,0x00000007bd351c98,0x00000007bfb00000)
  to   space 54272K, 0% used [0x00000007b9100000,0x00000007b9100000,0x00000007bc600000)
 ParOldGen       total 349696K, used 266856K [0x00000007a0000000, 0x00000007b5580000, 0x00000007b5580000)
  object space 349696K, 76% used [0x00000007a0000000,0x00000007b049a138,0x00000007b5580000)
 Metaspace       used 11909K, capacity 12096K, committed 12288K, reserved 1060864K
  class space    used 1396K, capacity 1442K, committed 1536K, reserved 1048576K
Event: 8707.789 GC heap after
Heap after GC invocations=47 (full 6):
 PSYoungGen      total 115200K, used 53939K [0x00000007b5580000, 0x00000007c0000000, 0x00000007c0000000)
  eden space 60928K, 0% used [0x00000007b5580000,0x00000007b5580000,0x00000007b9100000)
  from space 54272K, 99% used [0x00000007b9100000,0x00000007bc5acdf8,0x00000007bc600000)
  to   space 57856K, 0% used [0x00000007bc780000,0x00000007bc780000,0x00000007c0000000)
 ParOldGen       total 349696K, used 277607K [0x00000007a0000000, 0x00000007b5580000, 0x00000007b5580000)
  object space 349696K, 79% used [0x00000007a0000000,0x00000007b0f19da0,0x00000007b5580000)
 Metaspace       used 11909K, capacity 12096K, committed 12288K, reserved 1060864K
  class space    used 1396K, capacity 1442K, committed 1536K, reserved 1048576K
}
Event: 8707.840 GC heap before
{Heap before GC invocations=48 (full 6):
 PSYoungGen      total 115200K, used 114867K [0x00000007b5580000, 0x00000007c0000000, 0x00000007c0000000)
  eden space 60928K, 100% used [0x00000007b5580000,0x00000007b9100000,0x00000007b9100000)
  from space 54272K, 99% used [0x00000007b9100000,0x00000007bc5acdf8,0x00000007bc600000)
  to   space 57856K, 0% used [0x00000007bc780000,0x00000007bc780000,0x00000007c0000000)
 ParOldGen       total 349696K, used 277607K [0x00000007a0000000, 0x00000007b5580000, 0x00000007b5580000)
  object space 349696K, 79% used [0x00000007a0000000,0x00000007b0f19da0,0x00000007b5580000)
 Metaspace       used 11910K, capacity 12096K, committed 12288K, reserved 1060864K
  class space    used 1396K, capacity 1442K, committed 1536K, reserved 1048576K
Event: 8707.894 GC heap after
Heap after GC invocations=48 (full 6):
 PSYoungGen      total 116736K, used 25248K [0x00000007b5580000, 0x00000007c0000000, 0x00000007c0000000)
  eden space 58880K, 0% used [0x00000007b5580000,0x00000007b5580000,0x00000007b8f00000)
  from space 57856K, 43% used [0x00000007bc780000,0x00000007be028050,0x00000007c0000000)
  to   space 57856K, 0% used [0x00000007b8f00000,0x00000007b8f00000,0x00000007bc780000)
 ParOldGen       total 349696K, used 324551K [0x00000007a0000000, 0x00000007b5580000, 0x00000007b5580000)
  object space 349696K, 92% used [0x00000007a0000000,0x00000007b3cf1fd0,0x00000007b5580000)
 Metaspace       used 11910K, capacity 12096K, committed 12288K, reserved 1060864K
  class space    used 1396K, capacity 1442K, committed 1536K, reserved 1048576K
}
Event: 8707.894 GC heap before
{Heap before GC invocations=49 (full 7):
 PSYoungGen      total 116736K, used 25248K [0x00000007b5580000, 0x00000007c0000000, 0x00000007c0000000)
  eden space 58880K, 0% used [0x00000007b5580000,0x00000007b5580000,0x00000007b8f00000)
  from space 57856K, 43% used [0x00000007bc780000,0x00000007be028050,0x00000007c0000000)
  to   space 57856K, 0% used [0x00000007b8f00000,0x00000007b8f00000,0x00000007bc780000)
 ParOldGen       total 349696K, used 324551K [0x00000007a0000000, 0x00000007b5580000, 0x00000007b5580000)
  object space 349696K, 92% used [0x00000007a0000000,0x00000007b3cf1fd0,0x00000007b5580000)
 Metaspace       used 11910K, capacity 12096K, committed 12288K, reserved 1060864K
  class space    used 1396K, capacity 1442K, committed 1536K, reserved 1048576K
Event: 8708.174 GC heap after
Heap after GC invocations=49 (full 7):
 PSYoungGen      total 116736K, used 0K [0x00000007b5580000, 0x00000007c0000000, 0x00000007c0000000)
  eden space 58880K, 0% used [0x00000007b5580000,0x00000007b5580000,0x00000007b8f00000)
  from space 57856K, 0% used [0x00000007bc780000,0x00000007bc780000,0x00000007c0000000)
  to   space 57856K, 0% used [0x00000007b8f00000,0x00000007b8f00000,0x00000007bc780000)
 ParOldGen       total 349696K, used 221906K [0x00000007a0000000, 0x00000007b5580000, 0x00000007b5580000)
  object space 349696K, 63% used [0x00000007a0000000,0x00000007ad8b49b0,0x00000007b5580000)
 Metaspace       used 11910K, capacity 12096K, committed 12288K, reserved 1060864K
  class space    used 1396K, capacity 1442K, committed 1536K, reserved 1048576K
}
Event: 8728.890 GC heap before
{Heap before GC invocations=50 (full 7):
 PSYoungGen      total 116736K, used 58880K [0x00000007b5580000, 0x00000007c0000000, 0x00000007c0000000)
  eden space 58880K, 100% used [0x00000007b5580000,0x00000007b8f00000,0x00000007b8f00000)
  from space 57856K, 0% used [0x00000007bc780000,0x00000007bc780000,0x00000007c0000000)
  to   space 57856K, 0% used [0x00000007b8f00000,0x00000007b8f00000,0x00000007bc780000)
 ParOldGen       total 349696K, used 221906K [0x00000007a0000000, 0x00000007b5580000, 0x00000007b5580000)
  object space 349696K, 63% used [0x00000007a0000000,0x00000007ad8b49b0,0x00000007b5580000)
 Metaspace       used 11917K, capacity 12096K, committed 12288K, reserved 1060864K
  class space    used 1396K, capacity 1442K, committed 1536K, reserved 1048576K
Event: 8728.904 GC heap after
Heap after GC invocations=50 (full 7):
 PSYoungGen      total 82944K, used 23712K [0x00000007b5580000, 0x00000007bff00000, 0x00000007c0000000)
  eden space 58880K, 0% used [0x00000007b5580000,0x00000007b5580000,0x00000007b8f00000)
  from space 24064K, 98% used [0x00000007b8f00000,0x00000007ba628070,0x00000007ba680000)
  to   space 57344K, 0% used [0x00000007bc700000,0x00000007bc700000,0x00000007bff00000)
 ParOldGen       total 349696K, used 221906K [0x00000007a0000000, 0x00000007b5580000, 0x00000007b5580000)
  object space 349696K, 63% used [0x00000007a0000000,0x00000007ad8b49b0,0x00000007b5580000)
 Metaspace       used 11917K, capacity 12096K, committed 12288K, reserved 1060864K
  class space    used 1396K, capacity 1442K, committed 1536K, reserved 1048576K
}

